mode: set
cleanarch/features/book/services/service.go:18.49,23.2 1 1
cleanarch/features/book/services/service.go:25.89,27.17 2 1
cleanarch/features/book/services/service.go:31.2,32.16 2 1
cleanarch/features/book/services/service.go:39.2,40.16 2 1
cleanarch/features/book/services/service.go:49.2,49.17 1 1
cleanarch/features/book/services/service.go:27.17,29.3 1 1
cleanarch/features/book/services/service.go:32.16,33.51 1 0
cleanarch/features/book/services/service.go:36.3,36.57 1 0
cleanarch/features/book/services/service.go:33.51,35.4 1 0
cleanarch/features/book/services/service.go:40.16,42.49 2 1
cleanarch/features/book/services/service.go:47.3,47.42 1 1
cleanarch/features/book/services/service.go:42.49,44.4 1 1
cleanarch/features/book/services/service.go:44.9,46.4 1 1
cleanarch/features/book/services/service.go:52.108,54.17 2 1
cleanarch/features/book/services/service.go:58.2,59.16 2 1
cleanarch/features/book/services/service.go:66.2,67.16 2 1
cleanarch/features/book/services/service.go:77.2,79.17 3 1
cleanarch/features/book/services/service.go:54.17,56.3 1 1
cleanarch/features/book/services/service.go:59.16,60.51 1 0
cleanarch/features/book/services/service.go:63.3,63.57 1 0
cleanarch/features/book/services/service.go:60.51,62.4 1 0
cleanarch/features/book/services/service.go:67.16,69.49 2 1
cleanarch/features/book/services/service.go:74.3,74.42 1 1
cleanarch/features/book/services/service.go:69.49,71.4 1 1
cleanarch/features/book/services/service.go:71.9,73.4 1 1
cleanarch/features/book/services/service.go:82.65,84.17 2 1
cleanarch/features/book/services/service.go:88.2,89.16 2 1
cleanarch/features/book/services/service.go:98.2,98.12 1 1
cleanarch/features/book/services/service.go:84.17,86.3 1 1
cleanarch/features/book/services/service.go:89.16,91.49 2 1
cleanarch/features/book/services/service.go:96.3,96.25 1 1
cleanarch/features/book/services/service.go:91.49,93.4 1 1
cleanarch/features/book/services/service.go:93.9,95.4 1 1
cleanarch/features/book/services/service.go:101.71,104.17 2 1
cleanarch/features/book/services/service.go:108.2,109.16 2 1
cleanarch/features/book/services/service.go:118.2,118.17 1 1
cleanarch/features/book/services/service.go:104.17,106.3 1 1
cleanarch/features/book/services/service.go:109.16,111.49 2 1
cleanarch/features/book/services/service.go:116.3,116.44 1 1
cleanarch/features/book/services/service.go:111.49,113.4 1 1
cleanarch/features/book/services/service.go:113.9,115.4 1 1
cleanarch/features/book/services/service.go:121.57,123.16 2 1
cleanarch/features/book/services/service.go:132.2,132.17 1 1
cleanarch/features/book/services/service.go:123.16,125.49 2 1
cleanarch/features/book/services/service.go:130.3,130.44 1 1
cleanarch/features/book/services/service.go:125.49,127.4 1 1
cleanarch/features/book/services/service.go:127.9,129.4 1 1
cleanarch/features/user/services/service.go:22.51,27.2 1 1
cleanarch/features/user/services/service.go:29.80,32.16 2 1
cleanarch/features/user/services/service.go:36.2,39.16 3 1
cleanarch/features/user/services/service.go:49.2,49.17 1 1
cleanarch/features/user/services/service.go:32.16,35.3 2 0
cleanarch/features/user/services/service.go:39.16,41.50 2 1
cleanarch/features/user/services/service.go:46.3,46.42 1 1
cleanarch/features/user/services/service.go:41.50,43.4 1 0
cleanarch/features/user/services/service.go:43.9,45.4 1 1
cleanarch/features/user/services/service.go:52.85,54.19 2 1
cleanarch/features/user/services/service.go:64.5,64.97 1 1
cleanarch/features/user/services/service.go:69.5,76.30 6 1
cleanarch/features/user/services/service.go:54.19,56.55 2 1
cleanarch/features/user/services/service.go:61.9,61.52 1 1
cleanarch/features/user/services/service.go:56.55,58.10 1 1
cleanarch/features/user/services/service.go:58.15,60.10 1 0
cleanarch/features/user/services/service.go:64.97,67.6 2 1
cleanarch/features/user/services/service.go:80.75,82.13 2 1
cleanarch/features/user/services/service.go:85.2,86.16 2 1
cleanarch/features/user/services/service.go:95.2,95.17 1 1
cleanarch/features/user/services/service.go:82.13,84.3 1 1
cleanarch/features/user/services/service.go:86.16,88.49 2 1
cleanarch/features/user/services/service.go:93.3,93.42 1 1
cleanarch/features/user/services/service.go:88.49,90.4 1 1
cleanarch/features/user/services/service.go:90.9,92.4 1 1
cleanarch/features/user/services/service.go:98.100,100.13 2 1
cleanarch/features/user/services/service.go:103.2,104.16 2 1
cleanarch/features/user/services/service.go:113.2,113.17 1 1
cleanarch/features/user/services/service.go:100.13,102.3 1 1
cleanarch/features/user/services/service.go:104.16,106.49 2 1
cleanarch/features/user/services/service.go:111.3,111.42 1 1
cleanarch/features/user/services/service.go:106.49,108.4 1 1
cleanarch/features/user/services/service.go:108.9,110.4 1 1
cleanarch/features/user/services/service.go:116.61,118.13 2 1
cleanarch/features/user/services/service.go:121.2,122.16 2 1
cleanarch/features/user/services/service.go:131.2,131.12 1 1
cleanarch/features/user/services/service.go:118.13,120.3 1 1
cleanarch/features/user/services/service.go:122.16,124.49 2 1
cleanarch/features/user/services/service.go:129.3,129.25 1 1
cleanarch/features/user/services/service.go:124.49,126.4 1 1
cleanarch/features/user/services/service.go:126.9,128.4 1 1
