mode: set
cleanarch/features/user/services/service.go:22.51,27.2 1 1
cleanarch/features/user/services/service.go:29.80,32.16 2 0
cleanarch/features/user/services/service.go:36.2,39.16 3 0
cleanarch/features/user/services/service.go:49.2,49.17 1 0
cleanarch/features/user/services/service.go:32.16,35.3 2 0
cleanarch/features/user/services/service.go:39.16,41.50 2 0
cleanarch/features/user/services/service.go:46.3,46.42 1 0
cleanarch/features/user/services/service.go:41.50,43.4 1 0
cleanarch/features/user/services/service.go:43.9,45.4 1 0
cleanarch/features/user/services/service.go:52.85,54.19 2 1
cleanarch/features/user/services/service.go:64.5,64.97 1 1
cleanarch/features/user/services/service.go:69.5,76.30 6 1
cleanarch/features/user/services/service.go:54.19,56.55 2 1
cleanarch/features/user/services/service.go:61.9,61.52 1 1
cleanarch/features/user/services/service.go:56.55,58.10 1 1
cleanarch/features/user/services/service.go:58.15,60.10 1 0
cleanarch/features/user/services/service.go:64.97,67.6 2 1
cleanarch/features/user/services/service.go:80.75,82.13 2 1
cleanarch/features/user/services/service.go:85.2,86.16 2 1
cleanarch/features/user/services/service.go:95.2,95.17 1 1
cleanarch/features/user/services/service.go:82.13,84.3 1 1
cleanarch/features/user/services/service.go:86.16,88.49 2 1
cleanarch/features/user/services/service.go:93.3,93.42 1 1
cleanarch/features/user/services/service.go:88.49,90.4 1 1
cleanarch/features/user/services/service.go:90.9,92.4 1 1
cleanarch/features/user/services/service.go:98.100,100.13 2 1
cleanarch/features/user/services/service.go:103.2,104.16 2 1
cleanarch/features/user/services/service.go:113.2,113.17 1 1
cleanarch/features/user/services/service.go:100.13,102.3 1 1
cleanarch/features/user/services/service.go:104.16,106.49 2 1
cleanarch/features/user/services/service.go:111.3,111.42 1 1
cleanarch/features/user/services/service.go:106.49,108.4 1 1
cleanarch/features/user/services/service.go:108.9,110.4 1 1
cleanarch/features/user/services/service.go:116.61,118.13 2 0
cleanarch/features/user/services/service.go:121.2,122.16 2 0
cleanarch/features/user/services/service.go:131.2,131.12 1 0
cleanarch/features/user/services/service.go:118.13,120.3 1 0
cleanarch/features/user/services/service.go:122.16,124.49 2 0
cleanarch/features/user/services/service.go:129.3,129.25 1 0
cleanarch/features/user/services/service.go:124.49,126.4 1 0
cleanarch/features/user/services/service.go:126.9,128.4 1 0
